{"M:\\FSII\\objetivo-cafe\\src\\components\\ContenidoDetalleProducto.tsx": {"path":"M:\\FSII\\objetivo-cafe\\src\\components\\ContenidoDetalleProducto.tsx","statementMap":{"0":{"start":{"line":10,"column":57},"end":{"line":91,"column":null}},"1":{"start":{"line":11,"column":32},"end":{"line":11,"column":null}},"2":{"start":{"line":12,"column":32},"end":{"line":12,"column":null}},"3":{"start":{"line":14,"column":19},"end":{"line":14,"column":null}},"4":{"start":{"line":16,"column":4},"end":{"line":89,"column":null}},"5":{"start":{"line":54,"column":49},"end":{"line":54,"column":null}},"6":{"start":{"line":57,"column":36},"end":{"line":57,"column":null}},"7":{"start":{"line":70,"column":45},"end":{"line":70,"column":null}},"8":{"start":{"line":78,"column":43},"end":{"line":78,"column":null}}},"fnMap":{"0":{"name":"(anonymous_0)","decl":{"start":{"line":10,"column":57},"end":{"line":10,"column":58}},"loc":{"start":{"line":10,"column":86},"end":{"line":91,"column":null}},"line":10},"1":{"name":"(anonymous_1)","decl":{"start":{"line":54,"column":42},"end":{"line":54,"column":43}},"loc":{"start":{"line":54,"column":49},"end":{"line":54,"column":null}},"line":54},"2":{"name":"(anonymous_2)","decl":{"start":{"line":56,"column":55},"end":{"line":56,"column":null}},"loc":{"start":{"line":57,"column":36},"end":{"line":57,"column":null}},"line":57},"3":{"name":"(anonymous_3)","decl":{"start":{"line":70,"column":38},"end":{"line":70,"column":39}},"loc":{"start":{"line":70,"column":45},"end":{"line":70,"column":null}},"line":70},"4":{"name":"(anonymous_4)","decl":{"start":{"line":78,"column":37},"end":{"line":78,"column":43}},"loc":{"start":{"line":78,"column":43},"end":{"line":78,"column":null}},"line":78}},"branchMap":{"0":{"loc":{"start":{"line":12,"column":45},"end":{"line":12,"column":104}},"type":"cond-expr","locations":[{"start":{"line":12,"column":76},"end":{"line":12,"column":99}},{"start":{"line":12,"column":99},"end":{"line":12,"column":104}}],"line":12},"1":{"loc":{"start":{"line":33,"column":25},"end":{"line":33,"column":null}},"type":"binary-expr","locations":[{"start":{"line":33,"column":25},"end":{"line":33,"column":54}},{"start":{"line":33,"column":54},"end":{"line":33,"column":null}}],"line":33},"2":{"loc":{"start":{"line":36,"column":21},"end":{"line":39,"column":null}},"type":"binary-expr","locations":[{"start":{"line":36,"column":21},"end":{"line":36,"column":null}},{"start":{"line":37,"column":24},"end":{"line":39,"column":null}}],"line":36},"3":{"loc":{"start":{"line":48,"column":21},"end":{"line":60,"column":null}},"type":"binary-expr","locations":[{"start":{"line":48,"column":21},"end":{"line":48,"column":null}},{"start":{"line":49,"column":24},"end":{"line":60,"column":null}}],"line":48},"4":{"loc":{"start":{"line":70,"column":57},"end":{"line":70,"column":86}},"type":"binary-expr","locations":[{"start":{"line":70,"column":57},"end":{"line":70,"column":85}},{"start":{"line":70,"column":85},"end":{"line":70,"column":86}}],"line":70},"5":{"loc":{"start":{"line":78,"column":63},"end":{"line":78,"column":90}},"type":"cond-expr","locations":[{"start":{"line":78,"column":72},"end":{"line":78,"column":83}},{"start":{"line":78,"column":83},"end":{"line":78,"column":90}}],"line":78}},"s":{"0":1,"1":1,"2":1,"3":1,"4":1,"5":0,"6":1,"7":0,"8":0},"f":{"0":1,"1":0,"2":1,"3":0,"4":0},"b":{"0":[1,0],"1":[1,1],"2":[1,0],"3":[1,1],"4":[0,0],"5":[0,0]},"meta":{"lastBranch":6,"lastFunction":5,"lastStatement":9,"seen":{"s:10:57:91:Infinity":0,"f:10:57:10:58":0,"s:11:32:11:Infinity":1,"s:12:32:12:Infinity":2,"b:12:76:12:99:12:99:12:104":0,"s:14:19:14:Infinity":3,"s:16:4:89:Infinity":4,"b:33:25:33:54:33:54:33:Infinity":1,"b:36:21:36:Infinity:37:24:39:Infinity":2,"b:48:21:48:Infinity:49:24:60:Infinity":3,"f:54:42:54:43":1,"s:54:49:54:Infinity":5,"f:56:55:56:Infinity":2,"s:57:36:57:Infinity":6,"f:70:38:70:39":3,"s:70:45:70:Infinity":7,"b:70:57:70:85:70:85:70:86":4,"f:78:37:78:43":4,"s:78:43:78:Infinity":8,"b:78:72:78:83:78:83:78:90":5}}}
,"M:\\FSII\\objetivo-cafe\\src\\components\\ContenidoMetodos.tsx": {"path":"M:\\FSII\\objetivo-cafe\\src\\components\\ContenidoMetodos.tsx","statementMap":{"0":{"start":{"line":3,"column":42},"end":{"line":123,"column":null}},"1":{"start":{"line":4,"column":21},"end":{"line":9,"column":null}},"2":{"start":{"line":10,"column":4},"end":{"line":121,"column":null}},"3":{"start":{"line":116,"column":40},"end":{"line":116,"column":null}},"4":{"start":{"line":117,"column":39},"end":{"line":117,"column":null}}},"fnMap":{"0":{"name":"(anonymous_0)","decl":{"start":{"line":3,"column":42},"end":{"line":3,"column":48}},"loc":{"start":{"line":3,"column":48},"end":{"line":123,"column":null}},"line":3},"1":{"name":"(anonymous_1)","decl":{"start":{"line":116,"column":33},"end":{"line":116,"column":34}},"loc":{"start":{"line":116,"column":40},"end":{"line":116,"column":null}},"line":116},"2":{"name":"(anonymous_2)","decl":{"start":{"line":117,"column":32},"end":{"line":117,"column":33}},"loc":{"start":{"line":117,"column":39},"end":{"line":117,"column":null}},"line":117}},"branchMap":{},"s":{"0":1,"1":1,"2":1,"3":0,"4":0},"f":{"0":1,"1":0,"2":0},"b":{},"meta":{"lastBranch":0,"lastFunction":3,"lastStatement":5,"seen":{"s:3:42:123:Infinity":0,"f:3:42:3:48":0,"s:4:21:9:Infinity":1,"s:10:4:121:Infinity":2,"f:116:33:116:34":1,"s:116:40:116:Infinity":3,"f:117:32:117:33":2,"s:117:39:117:Infinity":4}}}
,"M:\\FSII\\objetivo-cafe\\src\\components\\Navbar.tsx": {"path":"M:\\FSII\\objetivo-cafe\\src\\components\\Navbar.tsx","statementMap":{"0":{"start":{"line":6,"column":32},"end":{"line":81,"column":null}},"1":{"start":{"line":7,"column":17},"end":{"line":7,"column":null}},"2":{"start":{"line":8,"column":25},"end":{"line":8,"column":null}},"3":{"start":{"line":9,"column":10},"end":{"line":9,"column":null}},"4":{"start":{"line":11,"column":23},"end":{"line":11,"column":null}},"5":{"start":{"line":11,"column":52},"end":{"line":11,"column":75}},"6":{"start":{"line":13,"column":25},"end":{"line":16,"column":null}},"7":{"start":{"line":14,"column":8},"end":{"line":14,"column":null}},"8":{"start":{"line":15,"column":8},"end":{"line":15,"column":null}},"9":{"start":{"line":18,"column":4},"end":{"line":79,"column":null}}},"fnMap":{"0":{"name":"(anonymous_0)","decl":{"start":{"line":6,"column":32},"end":{"line":6,"column":38}},"loc":{"start":{"line":6,"column":38},"end":{"line":81,"column":null}},"line":6},"1":{"name":"(anonymous_1)","decl":{"start":{"line":11,"column":35},"end":{"line":11,"column":36}},"loc":{"start":{"line":11,"column":52},"end":{"line":11,"column":75}},"line":11},"2":{"name":"(anonymous_2)","decl":{"start":{"line":13,"column":25},"end":{"line":13,"column":31}},"loc":{"start":{"line":13,"column":31},"end":{"line":16,"column":null}},"line":13}},"branchMap":{"0":{"loc":{"start":{"line":40,"column":33},"end":{"line":43,"column":null}},"type":"binary-expr","locations":[{"start":{"line":40,"column":33},"end":{"line":40,"column":null}},{"start":{"line":41,"column":36},"end":{"line":43,"column":null}}],"line":40},"1":{"loc":{"start":{"line":48,"column":25},"end":{"line":74,"column":null}},"type":"cond-expr","locations":[{"start":{"line":49,"column":28},"end":{"line":68,"column":null}},{"start":{"line":70,"column":28},"end":{"line":74,"column":null}}],"line":48}},"s":{"0":1,"1":2,"2":2,"3":2,"4":2,"5":0,"6":2,"7":0,"8":0,"9":2},"f":{"0":2,"1":0,"2":0},"b":{"0":[2,0],"1":[0,2]},"meta":{"lastBranch":2,"lastFunction":3,"lastStatement":10,"seen":{"s:6:32:81:Infinity":0,"f:6:32:6:38":0,"s:7:17:7:Infinity":1,"s:8:25:8:Infinity":2,"s:9:10:9:Infinity":3,"s:11:23:11:Infinity":4,"f:11:35:11:36":1,"s:11:52:11:75":5,"s:13:25:16:Infinity":6,"f:13:25:13:31":2,"s:14:8:14:Infinity":7,"s:15:8:15:Infinity":8,"s:18:4:79:Infinity":9,"b:40:33:40:Infinity:41:36:43:Infinity":0,"b:49:28:68:Infinity:70:28:74:Infinity":1}}}
,"M:\\FSII\\objetivo-cafe\\src\\components\\TarjetaProducto.tsx": {"path":"M:\\FSII\\objetivo-cafe\\src\\components\\TarjetaProducto.tsx","statementMap":{"0":{"start":{"line":7,"column":48},"end":{"line":45,"column":null}},"1":{"start":{"line":8,"column":26},"end":{"line":8,"column":null}},"2":{"start":{"line":10,"column":4},"end":{"line":43,"column":null}}},"fnMap":{"0":{"name":"(anonymous_0)","decl":{"start":{"line":7,"column":48},"end":{"line":7,"column":49}},"loc":{"start":{"line":7,"column":66},"end":{"line":45,"column":null}},"line":7}},"branchMap":{"0":{"loc":{"start":{"line":35,"column":25},"end":{"line":35,"column":null}},"type":"binary-expr","locations":[{"start":{"line":35,"column":25},"end":{"line":35,"column":49}},{"start":{"line":35,"column":49},"end":{"line":35,"column":null}}],"line":35}},"s":{"0":2,"1":2,"2":2},"f":{"0":2},"b":{"0":[2,0]},"meta":{"lastBranch":1,"lastFunction":1,"lastStatement":3,"seen":{"s:7:48:45:Infinity":0,"f:7:48:7:49":0,"s:8:26:8:Infinity":1,"s:10:4:43:Infinity":2,"b:35:25:35:49:35:49:35:Infinity":0}}}
,"M:\\FSII\\objetivo-cafe\\src\\components\\layout\\AdminLayout.tsx": {"path":"M:\\FSII\\objetivo-cafe\\src\\components\\layout\\AdminLayout.tsx","statementMap":{"0":{"start":{"line":4,"column":37},"end":{"line":52,"column":null}},"1":{"start":{"line":5,"column":10},"end":{"line":5,"column":null}},"2":{"start":{"line":6,"column":21},"end":{"line":6,"column":null}},"3":{"start":{"line":6,"column":39},"end":{"line":6,"column":null}},"4":{"start":{"line":8,"column":4},"end":{"line":50,"column":null}}},"fnMap":{"0":{"name":"(anonymous_0)","decl":{"start":{"line":4,"column":37},"end":{"line":4,"column":43}},"loc":{"start":{"line":4,"column":43},"end":{"line":52,"column":null}},"line":4},"1":{"name":"(anonymous_1)","decl":{"start":{"line":6,"column":21},"end":{"line":6,"column":22}},"loc":{"start":{"line":6,"column":39},"end":{"line":6,"column":null}},"line":6}},"branchMap":{"0":{"loc":{"start":{"line":6,"column":39},"end":{"line":6,"column":null}},"type":"cond-expr","locations":[{"start":{"line":6,"column":68},"end":{"line":6,"column":79}},{"start":{"line":6,"column":79},"end":{"line":6,"column":null}}],"line":6}},"s":{"0":1,"1":1,"2":1,"3":4,"4":1},"f":{"0":1,"1":4},"b":{"0":[0,4]},"meta":{"lastBranch":1,"lastFunction":2,"lastStatement":5,"seen":{"s:4:37:52:Infinity":0,"f:4:37:4:43":0,"s:5:10:5:Infinity":1,"s:6:21:6:Infinity":2,"f:6:21:6:22":1,"s:6:39:6:Infinity":3,"b:6:68:6:79:6:79:6:Infinity":0,"s:8:4:50:Infinity":4}}}
,"M:\\FSII\\objetivo-cafe\\src\\data\\productsBase.ts": {"path":"M:\\FSII\\objetivo-cafe\\src\\data\\productsBase.ts","statementMap":{"0":{"start":{"line":3,"column":39},"end":{"line":201,"column":null}}},"fnMap":{},"branchMap":{},"s":{"0":2},"f":{},"b":{},"meta":{"lastBranch":0,"lastFunction":0,"lastStatement":1,"seen":{"s:3:39:201:Infinity":0}}}
,"M:\\FSII\\objetivo-cafe\\src\\hooks\\useAuth.ts": {"path":"M:\\FSII\\objetivo-cafe\\src\\hooks\\useAuth.ts","statementMap":{"0":{"start":{"line":6,"column":23},"end":{"line":23,"column":null}},"1":{"start":{"line":7,"column":24},"end":{"line":7,"column":null}},"2":{"start":{"line":9,"column":4},"end":{"line":15,"column":null}},"3":{"start":{"line":10,"column":26},"end":{"line":12,"column":null}},"4":{"start":{"line":11,"column":12},"end":{"line":11,"column":null}},"5":{"start":{"line":13,"column":8},"end":{"line":13,"column":null}},"6":{"start":{"line":14,"column":8},"end":{"line":14,"column":null}},"7":{"start":{"line":14,"column":21},"end":{"line":14,"column":null}},"8":{"start":{"line":17,"column":19},"end":{"line":20,"column":null}},"9":{"start":{"line":18,"column":8},"end":{"line":18,"column":null}},"10":{"start":{"line":19,"column":8},"end":{"line":19,"column":null}},"11":{"start":{"line":22,"column":4},"end":{"line":22,"column":null}}},"fnMap":{"0":{"name":"(anonymous_0)","decl":{"start":{"line":6,"column":23},"end":{"line":6,"column":29}},"loc":{"start":{"line":6,"column":29},"end":{"line":23,"column":null}},"line":6},"1":{"name":"(anonymous_1)","decl":{"start":{"line":9,"column":14},"end":{"line":9,"column":20}},"loc":{"start":{"line":9,"column":20},"end":{"line":15,"column":7}},"line":9},"2":{"name":"(anonymous_2)","decl":{"start":{"line":10,"column":26},"end":{"line":10,"column":32}},"loc":{"start":{"line":10,"column":32},"end":{"line":12,"column":null}},"line":10},"3":{"name":"(anonymous_3)","decl":{"start":{"line":14,"column":15},"end":{"line":14,"column":21}},"loc":{"start":{"line":14,"column":21},"end":{"line":14,"column":null}},"line":14},"4":{"name":"(anonymous_4)","decl":{"start":{"line":17,"column":19},"end":{"line":17,"column":25}},"loc":{"start":{"line":17,"column":25},"end":{"line":20,"column":null}},"line":17}},"branchMap":{},"s":{"0":1,"1":2,"2":2,"3":1,"4":0,"5":1,"6":1,"7":1,"8":2,"9":0,"10":0,"11":2},"f":{"0":2,"1":1,"2":0,"3":1,"4":0},"b":{},"meta":{"lastBranch":0,"lastFunction":5,"lastStatement":12,"seen":{"s:6:23:23:Infinity":0,"f:6:23:6:29":0,"s:7:24:7:Infinity":1,"s:9:4:15:Infinity":2,"f:9:14:9:20":1,"s:10:26:12:Infinity":3,"f:10:26:10:32":2,"s:11:12:11:Infinity":4,"s:13:8:13:Infinity":5,"s:14:8:14:Infinity":6,"f:14:15:14:21":3,"s:14:21:14:Infinity":7,"s:17:19:20:Infinity":8,"f:17:19:17:25":4,"s:18:8:18:Infinity":9,"s:19:8:19:Infinity":10,"s:22:4:22:Infinity":11}}}
,"M:\\FSII\\objetivo-cafe\\src\\hooks\\useCart.ts": {"path":"M:\\FSII\\objetivo-cafe\\src\\hooks\\useCart.ts","statementMap":{"0":{"start":{"line":9,"column":23},"end":{"line":86,"column":null}},"1":{"start":{"line":10,"column":24},"end":{"line":10,"column":null}},"2":{"start":{"line":11,"column":26},"end":{"line":11,"column":null}},"3":{"start":{"line":13,"column":10},"end":{"line":17,"column":null}},"4":{"start":{"line":14,"column":14},"end":{"line":14,"column":null}},"5":{"start":{"line":15,"column":8},"end":{"line":15,"column":null}},"6":{"start":{"line":16,"column":8},"end":{"line":16,"column":null}},"7":{"start":{"line":19,"column":4},"end":{"line":24,"column":null}},"8":{"start":{"line":20,"column":8},"end":{"line":20,"column":null}},"9":{"start":{"line":22,"column":8},"end":{"line":22,"column":null}},"10":{"start":{"line":23,"column":8},"end":{"line":23,"column":null}},"11":{"start":{"line":23,"column":21},"end":{"line":23,"column":null}},"12":{"start":{"line":27,"column":23},"end":{"line":41,"column":null}},"13":{"start":{"line":28,"column":14},"end":{"line":28,"column":null}},"14":{"start":{"line":30,"column":30},"end":{"line":30,"column":null}},"15":{"start":{"line":30,"column":45},"end":{"line":30,"column":72}},"16":{"start":{"line":31,"column":34},"end":{"line":31,"column":null}},"17":{"start":{"line":33,"column":8},"end":{"line":36,"column":null}},"18":{"start":{"line":34,"column":12},"end":{"line":34,"column":null}},"19":{"start":{"line":35,"column":12},"end":{"line":35,"column":null}},"20":{"start":{"line":38,"column":8},"end":{"line":38,"column":null}},"21":{"start":{"line":39,"column":8},"end":{"line":39,"column":null}},"22":{"start":{"line":40,"column":8},"end":{"line":40,"column":null}},"23":{"start":{"line":44,"column":26},"end":{"line":47,"column":null}},"24":{"start":{"line":45,"column":8},"end":{"line":45,"column":null}},"25":{"start":{"line":46,"column":8},"end":{"line":46,"column":null}},"26":{"start":{"line":50,"column":16},"end":{"line":74,"column":null}},"27":{"start":{"line":51,"column":8},"end":{"line":51,"column":null}},"28":{"start":{"line":51,"column":31},"end":{"line":51,"column":null}},"29":{"start":{"line":53,"column":14},"end":{"line":53,"column":null}},"30":{"start":{"line":54,"column":8},"end":{"line":57,"column":null}},"31":{"start":{"line":55,"column":12},"end":{"line":55,"column":null}},"32":{"start":{"line":56,"column":12},"end":{"line":56,"column":null}},"33":{"start":{"line":60,"column":14},"end":{"line":60,"column":null}},"34":{"start":{"line":63,"column":8},"end":{"line":63,"column":null}},"35":{"start":{"line":66,"column":8},"end":{"line":66,"column":null}},"36":{"start":{"line":67,"column":8},"end":{"line":67,"column":null}},"37":{"start":{"line":68,"column":8},"end":{"line":68,"column":null}},"38":{"start":{"line":70,"column":8},"end":{"line":70,"column":null}},"39":{"start":{"line":73,"column":8},"end":{"line":73,"column":null}},"40":{"start":{"line":76,"column":4},"end":{"line":85,"column":null}},"41":{"start":{"line":79,"column":47},"end":{"line":79,"column":68}}},"fnMap":{"0":{"name":"(anonymous_0)","decl":{"start":{"line":9,"column":23},"end":{"line":9,"column":29}},"loc":{"start":{"line":9,"column":29},"end":{"line":86,"column":null}},"line":9},"1":{"name":"(anonymous_1)","decl":{"start":{"line":13,"column":36},"end":{"line":13,"column":42}},"loc":{"start":{"line":13,"column":42},"end":{"line":17,"column":7}},"line":13},"2":{"name":"(anonymous_2)","decl":{"start":{"line":19,"column":14},"end":{"line":19,"column":20}},"loc":{"start":{"line":19,"column":20},"end":{"line":24,"column":7}},"line":19},"3":{"name":"(anonymous_3)","decl":{"start":{"line":23,"column":15},"end":{"line":23,"column":21}},"loc":{"start":{"line":23,"column":21},"end":{"line":23,"column":null}},"line":23},"4":{"name":"(anonymous_4)","decl":{"start":{"line":27,"column":23},"end":{"line":27,"column":24}},"loc":{"start":{"line":27,"column":79},"end":{"line":41,"column":null}},"line":27},"5":{"name":"(anonymous_5)","decl":{"start":{"line":30,"column":40},"end":{"line":30,"column":45}},"loc":{"start":{"line":30,"column":45},"end":{"line":30,"column":72}},"line":30},"6":{"name":"(anonymous_6)","decl":{"start":{"line":44,"column":26},"end":{"line":44,"column":27}},"loc":{"start":{"line":44,"column":65},"end":{"line":47,"column":null}},"line":44},"7":{"name":"(anonymous_7)","decl":{"start":{"line":50,"column":16},"end":{"line":50,"column":31}},"loc":{"start":{"line":50,"column":31},"end":{"line":74,"column":null}},"line":50},"8":{"name":"(anonymous_8)","decl":{"start":{"line":79,"column":32},"end":{"line":79,"column":33}},"loc":{"start":{"line":79,"column":47},"end":{"line":79,"column":68}},"line":79}},"branchMap":{"0":{"loc":{"start":{"line":31,"column":34},"end":{"line":31,"column":null}},"type":"cond-expr","locations":[{"start":{"line":31,"column":50},"end":{"line":31,"column":75}},{"start":{"line":31,"column":75},"end":{"line":31,"column":null}}],"line":31},"1":{"loc":{"start":{"line":33,"column":8},"end":{"line":36,"column":null}},"type":"if","locations":[{"start":{"line":33,"column":8},"end":{"line":36,"column":null}},{"start":{},"end":{}}],"line":33},"2":{"loc":{"start":{"line":51,"column":8},"end":{"line":51,"column":null}},"type":"if","locations":[{"start":{"line":51,"column":8},"end":{"line":51,"column":null}},{"start":{},"end":{}}],"line":51},"3":{"loc":{"start":{"line":54,"column":8},"end":{"line":57,"column":null}},"type":"if","locations":[{"start":{"line":54,"column":8},"end":{"line":57,"column":null}},{"start":{},"end":{}}],"line":54}},"s":{"0":1,"1":2,"2":2,"3":2,"4":1,"5":1,"6":1,"7":2,"8":1,"9":1,"10":1,"11":1,"12":2,"13":0,"14":0,"15":0,"16":0,"17":0,"18":0,"19":0,"20":0,"21":0,"22":0,"23":2,"24":0,"25":0,"26":2,"27":0,"28":0,"29":0,"30":0,"31":0,"32":0,"33":0,"34":0,"35":0,"36":0,"37":0,"38":0,"39":0,"40":2,"41":0},"f":{"0":2,"1":1,"2":1,"3":1,"4":0,"5":0,"6":0,"7":0,"8":0},"b":{"0":[0,0],"1":[0,0],"2":[0,0],"3":[0,0]},"meta":{"lastBranch":4,"lastFunction":9,"lastStatement":42,"seen":{"s:9:23:86:Infinity":0,"f:9:23:9:29":0,"s:10:24:10:Infinity":1,"s:11:26:11:Infinity":2,"s:13:10:17:Infinity":3,"f:13:36:13:42":1,"s:14:14:14:Infinity":4,"s:15:8:15:Infinity":5,"s:16:8:16:Infinity":6,"s:19:4:24:Infinity":7,"f:19:14:19:20":2,"s:20:8:20:Infinity":8,"s:22:8:22:Infinity":9,"s:23:8:23:Infinity":10,"f:23:15:23:21":3,"s:23:21:23:Infinity":11,"s:27:23:41:Infinity":12,"f:27:23:27:24":4,"s:28:14:28:Infinity":13,"s:30:30:30:Infinity":14,"f:30:40:30:45":5,"s:30:45:30:72":15,"s:31:34:31:Infinity":16,"b:31:50:31:75:31:75:31:Infinity":0,"b:33:8:36:Infinity:undefined:undefined:undefined:undefined":1,"s:33:8:36:Infinity":17,"s:34:12:34:Infinity":18,"s:35:12:35:Infinity":19,"s:38:8:38:Infinity":20,"s:39:8:39:Infinity":21,"s:40:8:40:Infinity":22,"s:44:26:47:Infinity":23,"f:44:26:44:27":6,"s:45:8:45:Infinity":24,"s:46:8:46:Infinity":25,"s:50:16:74:Infinity":26,"f:50:16:50:31":7,"b:51:8:51:Infinity:undefined:undefined:undefined:undefined":2,"s:51:8:51:Infinity":27,"s:51:31:51:Infinity":28,"s:53:14:53:Infinity":29,"b:54:8:57:Infinity:undefined:undefined:undefined:undefined":3,"s:54:8:57:Infinity":30,"s:55:12:55:Infinity":31,"s:56:12:56:Infinity":32,"s:60:14:60:Infinity":33,"s:63:8:63:Infinity":34,"s:66:8:66:Infinity":35,"s:67:8:67:Infinity":36,"s:68:8:68:Infinity":37,"s:70:8:70:Infinity":38,"s:73:8:73:Infinity":39,"s:76:4:85:Infinity":40,"f:79:32:79:33":8,"s:79:47:79:68":41}}}
,"M:\\FSII\\objetivo-cafe\\src\\pages\\Admin\\AdminProductos.tsx": {"path":"M:\\FSII\\objetivo-cafe\\src\\pages\\Admin\\AdminProductos.tsx","statementMap":{"0":{"start":{"line":5,"column":40},"end":{"line":128,"column":null}},"1":{"start":{"line":6,"column":38},"end":{"line":6,"column":null}},"2":{"start":{"line":7,"column":32},"end":{"line":7,"column":null}},"3":{"start":{"line":10,"column":30},"end":{"line":15,"column":null}},"4":{"start":{"line":17,"column":23},"end":{"line":48,"column":null}},"5":{"start":{"line":18,"column":8},"end":{"line":18,"column":null}},"6":{"start":{"line":21,"column":22},"end":{"line":21,"column":null}},"7":{"start":{"line":21,"column":50},"end":{"line":21,"column":71}},"8":{"start":{"line":22,"column":24},"end":{"line":22,"column":null}},"9":{"start":{"line":25,"column":42},"end":{"line":32,"column":null}},"10":{"start":{"line":35,"column":34},"end":{"line":35,"column":null}},"11":{"start":{"line":36,"column":8},"end":{"line":36,"column":null}},"12":{"start":{"line":37,"column":8},"end":{"line":37,"column":null}},"13":{"start":{"line":40,"column":8},"end":{"line":40,"column":null}},"14":{"start":{"line":41,"column":8},"end":{"line":41,"column":null}},"15":{"start":{"line":42,"column":8},"end":{"line":42,"column":null}},"16":{"start":{"line":45,"column":8},"end":{"line":45,"column":null}},"17":{"start":{"line":50,"column":4},"end":{"line":126,"column":null}},"18":{"start":{"line":54,"column":67},"end":{"line":54,"column":null}},"19":{"start":{"line":69,"column":51},"end":{"line":69,"column":101}},"20":{"start":{"line":75,"column":51},"end":{"line":75,"column":111}},"21":{"start":{"line":81,"column":51},"end":{"line":81,"column":null}},"22":{"start":{"line":91,"column":51},"end":{"line":91,"column":101}},"23":{"start":{"line":113,"column":28},"end":{"line":121,"column":null}}},"fnMap":{"0":{"name":"(anonymous_0)","decl":{"start":{"line":5,"column":40},"end":{"line":5,"column":46}},"loc":{"start":{"line":5,"column":46},"end":{"line":128,"column":null}},"line":5},"1":{"name":"(anonymous_1)","decl":{"start":{"line":17,"column":23},"end":{"line":17,"column":24}},"loc":{"start":{"line":17,"column":47},"end":{"line":48,"column":null}},"line":17},"2":{"name":"(anonymous_2)","decl":{"start":{"line":21,"column":38},"end":{"line":21,"column":39}},"loc":{"start":{"line":21,"column":50},"end":{"line":21,"column":71}},"line":21},"3":{"name":"(anonymous_3)","decl":{"start":{"line":54,"column":61},"end":{"line":54,"column":67}},"loc":{"start":{"line":54,"column":67},"end":{"line":54,"column":null}},"line":54},"4":{"name":"(anonymous_4)","decl":{"start":{"line":69,"column":46},"end":{"line":69,"column":51}},"loc":{"start":{"line":69,"column":51},"end":{"line":69,"column":101}},"line":69},"5":{"name":"(anonymous_5)","decl":{"start":{"line":75,"column":46},"end":{"line":75,"column":51}},"loc":{"start":{"line":75,"column":51},"end":{"line":75,"column":111}},"line":75},"6":{"name":"(anonymous_6)","decl":{"start":{"line":81,"column":46},"end":{"line":81,"column":51}},"loc":{"start":{"line":81,"column":51},"end":{"line":81,"column":null}},"line":81},"7":{"name":"(anonymous_7)","decl":{"start":{"line":91,"column":46},"end":{"line":91,"column":51}},"loc":{"start":{"line":91,"column":51},"end":{"line":91,"column":101}},"line":91},"8":{"name":"(anonymous_8)","decl":{"start":{"line":112,"column":38},"end":{"line":112,"column":null}},"loc":{"start":{"line":113,"column":28},"end":{"line":121,"column":null}},"line":113}},"branchMap":{"0":{"loc":{"start":{"line":30,"column":22},"end":{"line":30,"column":null}},"type":"cond-expr","locations":[{"start":{"line":30,"column":48},"end":{"line":30,"column":77}},{"start":{"line":30,"column":77},"end":{"line":30,"column":null}}],"line":30},"1":{"loc":{"start":{"line":31,"column":20},"end":{"line":31,"column":null}},"type":"binary-expr","locations":[{"start":{"line":31,"column":20},"end":{"line":31,"column":38}},{"start":{"line":31,"column":38},"end":{"line":31,"column":null}}],"line":31},"2":{"loc":{"start":{"line":35,"column":45},"end":{"line":35,"column":92}},"type":"binary-expr","locations":[{"start":{"line":35,"column":45},"end":{"line":35,"column":88}},{"start":{"line":35,"column":88},"end":{"line":35,"column":92}}],"line":35},"3":{"loc":{"start":{"line":55,"column":21},"end":{"line":55,"column":null}},"type":"cond-expr","locations":[{"start":{"line":55,"column":32},"end":{"line":55,"column":45}},{"start":{"line":55,"column":45},"end":{"line":55,"column":null}}],"line":55},"4":{"loc":{"start":{"line":60,"column":13},"end":{"line":96,"column":null}},"type":"binary-expr","locations":[{"start":{"line":60,"column":13},"end":{"line":60,"column":null}},{"start":{"line":61,"column":16},"end":{"line":96,"column":null}}],"line":60}},"s":{"0":1,"1":3,"2":3,"3":3,"4":3,"5":0,"6":0,"7":0,"8":0,"9":0,"10":0,"11":0,"12":0,"13":0,"14":0,"15":0,"16":0,"17":3,"18":1,"19":0,"20":0,"21":0,"22":0,"23":3},"f":{"0":3,"1":0,"2":0,"3":1,"4":0,"5":0,"6":0,"7":0,"8":3},"b":{"0":[0,0],"1":[0,0],"2":[0,0],"3":[1,2],"4":[3,1]},"meta":{"lastBranch":5,"lastFunction":9,"lastStatement":24,"seen":{"s:5:40:128:Infinity":0,"f:5:40:5:46":0,"s:6:38:6:Infinity":1,"s:7:32:7:Infinity":2,"s:10:30:15:Infinity":3,"s:17:23:48:Infinity":4,"f:17:23:17:24":1,"s:18:8:18:Infinity":5,"s:21:22:21:Infinity":6,"f:21:38:21:39":2,"s:21:50:21:71":7,"s:22:24:22:Infinity":8,"s:25:42:32:Infinity":9,"b:30:48:30:77:30:77:30:Infinity":0,"b:31:20:31:38:31:38:31:Infinity":1,"s:35:34:35:Infinity":10,"b:35:45:35:88:35:88:35:92":2,"s:36:8:36:Infinity":11,"s:37:8:37:Infinity":12,"s:40:8:40:Infinity":13,"s:41:8:41:Infinity":14,"s:42:8:42:Infinity":15,"s:45:8:45:Infinity":16,"s:50:4:126:Infinity":17,"f:54:61:54:67":3,"s:54:67:54:Infinity":18,"b:55:32:55:45:55:45:55:Infinity":3,"b:60:13:60:Infinity:61:16:96:Infinity":4,"f:69:46:69:51":4,"s:69:51:69:101":19,"f:75:46:75:51":5,"s:75:51:75:111":20,"f:81:46:81:51":6,"s:81:51:81:Infinity":21,"f:91:46:91:51":7,"s:91:51:91:101":22,"f:112:38:112:Infinity":8,"s:113:28:121:Infinity":23}}}
,"M:\\FSII\\objetivo-cafe\\src\\pages\\Admin\\AdminResumen.tsx": {"path":"M:\\FSII\\objetivo-cafe\\src\\pages\\Admin\\AdminResumen.tsx","statementMap":{"0":{"start":{"line":6,"column":38},"end":{"line":48,"column":null}},"1":{"start":{"line":7,"column":21},"end":{"line":7,"column":null}},"2":{"start":{"line":8,"column":10},"end":{"line":8,"column":null}},"3":{"start":{"line":9,"column":10},"end":{"line":9,"column":null}},"4":{"start":{"line":12,"column":24},"end":{"line":12,"column":null}},"5":{"start":{"line":12,"column":54},"end":{"line":12,"column":73}},"6":{"start":{"line":14,"column":4},"end":{"line":46,"column":null}}},"fnMap":{"0":{"name":"(anonymous_0)","decl":{"start":{"line":6,"column":38},"end":{"line":6,"column":44}},"loc":{"start":{"line":6,"column":44},"end":{"line":48,"column":null}},"line":6},"1":{"name":"(anonymous_1)","decl":{"start":{"line":12,"column":38},"end":{"line":12,"column":39}},"loc":{"start":{"line":12,"column":54},"end":{"line":12,"column":73}},"line":12}},"branchMap":{},"s":{"0":1,"1":1,"2":1,"3":1,"4":1,"5":0,"6":1},"f":{"0":1,"1":0},"b":{},"meta":{"lastBranch":0,"lastFunction":2,"lastStatement":7,"seen":{"s:6:38:48:Infinity":0,"f:6:38:6:44":0,"s:7:21:7:Infinity":1,"s:8:10:8:Infinity":2,"s:9:10:9:Infinity":3,"s:12:24:12:Infinity":4,"f:12:38:12:39":1,"s:12:54:12:73":5,"s:14:4:46:Infinity":6}}}
,"M:\\FSII\\objetivo-cafe\\src\\pages\\Admin\\AdminUsuarios.tsx": {"path":"M:\\FSII\\objetivo-cafe\\src\\pages\\Admin\\AdminUsuarios.tsx","statementMap":{"0":{"start":{"line":4,"column":39},"end":{"line":27,"column":null}},"1":{"start":{"line":5,"column":10},"end":{"line":5,"column":null}},"2":{"start":{"line":7,"column":4},"end":{"line":25,"column":null}},"3":{"start":{"line":15,"column":24},"end":{"line":21,"column":null}}},"fnMap":{"0":{"name":"(anonymous_0)","decl":{"start":{"line":4,"column":39},"end":{"line":4,"column":45}},"loc":{"start":{"line":4,"column":45},"end":{"line":27,"column":null}},"line":4},"1":{"name":"(anonymous_1)","decl":{"start":{"line":14,"column":30},"end":{"line":14,"column":31}},"loc":{"start":{"line":15,"column":24},"end":{"line":21,"column":null}},"line":15}},"branchMap":{"0":{"loc":{"start":{"line":11,"column":17},"end":{"line":22,"column":null}},"type":"cond-expr","locations":[{"start":{"line":12,"column":20},"end":{"line":12,"column":null}},{"start":{"line":14,"column":20},"end":{"line":22,"column":null}}],"line":11}},"s":{"0":1,"1":1,"2":1,"3":1},"f":{"0":1,"1":1},"b":{"0":[0,1]},"meta":{"lastBranch":1,"lastFunction":2,"lastStatement":4,"seen":{"s:4:39:27:Infinity":0,"f:4:39:4:45":0,"s:5:10:5:Infinity":1,"s:7:4:25:Infinity":2,"b:12:20:12:Infinity:14:20:22:Infinity":0,"f:14:30:14:31":1,"s:15:24:21:Infinity":3}}}
,"M:\\FSII\\objetivo-cafe\\src\\utils\\authUtils.ts": {"path":"M:\\FSII\\objetivo-cafe\\src\\utils\\authUtils.ts","statementMap":{"0":{"start":{"line":4,"column":18},"end":{"line":4,"column":null}},"1":{"start":{"line":5,"column":20},"end":{"line":5,"column":null}},"2":{"start":{"line":8,"column":24},"end":{"line":11,"column":null}},"3":{"start":{"line":9,"column":18},"end":{"line":9,"column":null}},"4":{"start":{"line":10,"column":4},"end":{"line":10,"column":null}},"5":{"start":{"line":14,"column":28},"end":{"line":23,"column":null}},"6":{"start":{"line":15,"column":18},"end":{"line":15,"column":null}},"7":{"start":{"line":17,"column":4},"end":{"line":19,"column":null}},"8":{"start":{"line":17,"column":24},"end":{"line":17,"column":49}},"9":{"start":{"line":18,"column":8},"end":{"line":18,"column":null}},"10":{"start":{"line":20,"column":4},"end":{"line":20,"column":null}},"11":{"start":{"line":21,"column":4},"end":{"line":21,"column":null}},"12":{"start":{"line":22,"column":4},"end":{"line":22,"column":null}},"13":{"start":{"line":26,"column":25},"end":{"line":37,"column":null}},"14":{"start":{"line":27,"column":18},"end":{"line":27,"column":null}},"15":{"start":{"line":28,"column":22},"end":{"line":28,"column":null}},"16":{"start":{"line":28,"column":38},"end":{"line":28,"column":78}},"17":{"start":{"line":30,"column":4},"end":{"line":35,"column":null}},"18":{"start":{"line":31,"column":8},"end":{"line":31,"column":null}},"19":{"start":{"line":33,"column":8},"end":{"line":33,"column":null}},"20":{"start":{"line":34,"column":8},"end":{"line":34,"column":null}},"21":{"start":{"line":36,"column":4},"end":{"line":36,"column":null}},"22":{"start":{"line":40,"column":26},"end":{"line":43,"column":null}},"23":{"start":{"line":41,"column":4},"end":{"line":41,"column":null}},"24":{"start":{"line":42,"column":4},"end":{"line":42,"column":null}},"25":{"start":{"line":46,"column":30},"end":{"line":49,"column":null}},"26":{"start":{"line":47,"column":17},"end":{"line":47,"column":null}},"27":{"start":{"line":48,"column":4},"end":{"line":48,"column":null}}},"fnMap":{"0":{"name":"(anonymous_0)","decl":{"start":{"line":8,"column":24},"end":{"line":8,"column":38}},"loc":{"start":{"line":8,"column":38},"end":{"line":11,"column":null}},"line":8},"1":{"name":"(anonymous_1)","decl":{"start":{"line":14,"column":28},"end":{"line":14,"column":29}},"loc":{"start":{"line":14,"column":56},"end":{"line":23,"column":null}},"line":14},"2":{"name":"(anonymous_2)","decl":{"start":{"line":17,"column":19},"end":{"line":17,"column":24}},"loc":{"start":{"line":17,"column":24},"end":{"line":17,"column":49}},"line":17},"3":{"name":"(anonymous_3)","decl":{"start":{"line":26,"column":25},"end":{"line":26,"column":26}},"loc":{"start":{"line":26,"column":67},"end":{"line":37,"column":null}},"line":26},"4":{"name":"(anonymous_4)","decl":{"start":{"line":28,"column":33},"end":{"line":28,"column":38}},"loc":{"start":{"line":28,"column":38},"end":{"line":28,"column":78}},"line":28},"5":{"name":"(anonymous_5)","decl":{"start":{"line":40,"column":26},"end":{"line":40,"column":32}},"loc":{"start":{"line":40,"column":32},"end":{"line":43,"column":null}},"line":40},"6":{"name":"(anonymous_6)","decl":{"start":{"line":46,"column":30},"end":{"line":46,"column":49}},"loc":{"start":{"line":46,"column":49},"end":{"line":49,"column":null}},"line":46}},"branchMap":{"0":{"loc":{"start":{"line":10,"column":11},"end":{"line":10,"column":null}},"type":"cond-expr","locations":[{"start":{"line":10,"column":19},"end":{"line":10,"column":39}},{"start":{"line":10,"column":39},"end":{"line":10,"column":null}}],"line":10},"1":{"loc":{"start":{"line":17,"column":4},"end":{"line":19,"column":null}},"type":"if","locations":[{"start":{"line":17,"column":4},"end":{"line":19,"column":null}},{"start":{},"end":{}}],"line":17},"2":{"loc":{"start":{"line":28,"column":38},"end":{"line":28,"column":78}},"type":"binary-expr","locations":[{"start":{"line":28,"column":38},"end":{"line":28,"column":59}},{"start":{"line":28,"column":59},"end":{"line":28,"column":78}}],"line":28},"3":{"loc":{"start":{"line":30,"column":4},"end":{"line":35,"column":null}},"type":"if","locations":[{"start":{"line":30,"column":4},"end":{"line":35,"column":null}},{"start":{},"end":{}}],"line":30},"4":{"loc":{"start":{"line":48,"column":11},"end":{"line":48,"column":null}},"type":"cond-expr","locations":[{"start":{"line":48,"column":18},"end":{"line":48,"column":37}},{"start":{"line":48,"column":37},"end":{"line":48,"column":null}}],"line":48}},"s":{"0":2,"1":2,"2":2,"3":10,"4":10,"5":2,"6":6,"7":6,"8":1,"9":1,"10":5,"11":5,"12":5,"13":2,"14":3,"15":3,"16":3,"17":3,"18":2,"19":2,"20":2,"21":1,"22":2,"23":1,"24":1,"25":2,"26":5,"27":5},"f":{"0":10,"1":6,"2":1,"3":3,"4":3,"5":1,"6":5},"b":{"0":[5,5],"1":[1,5],"2":[3,3],"3":[2,1],"4":[1,4]},"meta":{"lastBranch":5,"lastFunction":7,"lastStatement":28,"seen":{"s:4:18:4:Infinity":0,"s:5:20:5:Infinity":1,"s:8:24:11:Infinity":2,"f:8:24:8:38":0,"s:9:18:9:Infinity":3,"s:10:4:10:Infinity":4,"b:10:19:10:39:10:39:10:Infinity":0,"s:14:28:23:Infinity":5,"f:14:28:14:29":1,"s:15:18:15:Infinity":6,"b:17:4:19:Infinity:undefined:undefined:undefined:undefined":1,"s:17:4:19:Infinity":7,"f:17:19:17:24":2,"s:17:24:17:49":8,"s:18:8:18:Infinity":9,"s:20:4:20:Infinity":10,"s:21:4:21:Infinity":11,"s:22:4:22:Infinity":12,"s:26:25:37:Infinity":13,"f:26:25:26:26":3,"s:27:18:27:Infinity":14,"s:28:22:28:Infinity":15,"f:28:33:28:38":4,"s:28:38:28:78":16,"b:28:38:28:59:28:59:28:78":2,"b:30:4:35:Infinity:undefined:undefined:undefined:undefined":3,"s:30:4:35:Infinity":17,"s:31:8:31:Infinity":18,"s:33:8:33:Infinity":19,"s:34:8:34:Infinity":20,"s:36:4:36:Infinity":21,"s:40:26:43:Infinity":22,"f:40:26:40:32":5,"s:41:4:41:Infinity":23,"s:42:4:42:Infinity":24,"s:46:30:49:Infinity":25,"f:46:30:46:49":6,"s:47:17:47:Infinity":26,"s:48:4:48:Infinity":27,"b:48:18:48:37:48:37:48:Infinity":4}}}
,"M:\\FSII\\objetivo-cafe\\src\\utils\\cartUtils.ts": {"path":"M:\\FSII\\objetivo-cafe\\src\\utils\\cartUtils.ts","statementMap":{"0":{"start":{"line":3,"column":17},"end":{"line":3,"column":null}},"1":{"start":{"line":4,"column":20},"end":{"line":4,"column":null}},"2":{"start":{"line":7,"column":23},"end":{"line":10,"column":null}},"3":{"start":{"line":8,"column":19},"end":{"line":8,"column":null}},"4":{"start":{"line":9,"column":4},"end":{"line":9,"column":null}},"5":{"start":{"line":12,"column":31},"end":{"line":15,"column":null}},"6":{"start":{"line":13,"column":19},"end":{"line":13,"column":null}},"7":{"start":{"line":14,"column":4},"end":{"line":14,"column":null}},"8":{"start":{"line":18,"column":24},"end":{"line":20,"column":null}},"9":{"start":{"line":19,"column":4},"end":{"line":19,"column":null}},"10":{"start":{"line":23,"column":25},"end":{"line":33,"column":null}},"11":{"start":{"line":24,"column":17},"end":{"line":24,"column":null}},"12":{"start":{"line":25,"column":18},"end":{"line":25,"column":null}},"13":{"start":{"line":25,"column":38},"end":{"line":25,"column":100}},"14":{"start":{"line":27,"column":4},"end":{"line":31,"column":null}},"15":{"start":{"line":28,"column":8},"end":{"line":28,"column":null}},"16":{"start":{"line":30,"column":8},"end":{"line":30,"column":null}},"17":{"start":{"line":32,"column":4},"end":{"line":32,"column":null}},"18":{"start":{"line":36,"column":30},"end":{"line":40,"column":null}},"19":{"start":{"line":37,"column":17},"end":{"line":37,"column":null}},"20":{"start":{"line":38,"column":20},"end":{"line":38,"column":null}},"21":{"start":{"line":38,"column":37},"end":{"line":38,"column":101}},"22":{"start":{"line":39,"column":4},"end":{"line":39,"column":null}},"23":{"start":{"line":43,"column":25},"end":{"line":45,"column":null}},"24":{"start":{"line":44,"column":4},"end":{"line":44,"column":null}},"25":{"start":{"line":48,"column":30},"end":{"line":50,"column":null}},"26":{"start":{"line":49,"column":4},"end":{"line":49,"column":null}},"27":{"start":{"line":49,"column":40},"end":{"line":49,"column":87}},"28":{"start":{"line":53,"column":32},"end":{"line":58,"column":null}},"29":{"start":{"line":54,"column":20},"end":{"line":54,"column":null}},"30":{"start":{"line":55,"column":4},"end":{"line":55,"column":null}},"31":{"start":{"line":56,"column":4},"end":{"line":56,"column":null}},"32":{"start":{"line":57,"column":4},"end":{"line":57,"column":null}}},"fnMap":{"0":{"name":"(anonymous_0)","decl":{"start":{"line":7,"column":23},"end":{"line":7,"column":41}},"loc":{"start":{"line":7,"column":41},"end":{"line":10,"column":null}},"line":7},"1":{"name":"(anonymous_1)","decl":{"start":{"line":12,"column":31},"end":{"line":12,"column":51}},"loc":{"start":{"line":12,"column":51},"end":{"line":15,"column":null}},"line":12},"2":{"name":"(anonymous_2)","decl":{"start":{"line":18,"column":24},"end":{"line":18,"column":25}},"loc":{"start":{"line":18,"column":46},"end":{"line":20,"column":null}},"line":18},"3":{"name":"(anonymous_3)","decl":{"start":{"line":23,"column":25},"end":{"line":23,"column":26}},"loc":{"start":{"line":23,"column":81},"end":{"line":33,"column":null}},"line":23},"4":{"name":"(anonymous_4)","decl":{"start":{"line":25,"column":33},"end":{"line":25,"column":38}},"loc":{"start":{"line":25,"column":38},"end":{"line":25,"column":100}},"line":25},"5":{"name":"(anonymous_5)","decl":{"start":{"line":36,"column":30},"end":{"line":36,"column":31}},"loc":{"start":{"line":36,"column":69},"end":{"line":40,"column":null}},"line":36},"6":{"name":"(anonymous_6)","decl":{"start":{"line":38,"column":32},"end":{"line":38,"column":37}},"loc":{"start":{"line":38,"column":37},"end":{"line":38,"column":101}},"line":38},"7":{"name":"(anonymous_7)","decl":{"start":{"line":43,"column":25},"end":{"line":43,"column":31}},"loc":{"start":{"line":43,"column":31},"end":{"line":45,"column":null}},"line":43},"8":{"name":"(anonymous_8)","decl":{"start":{"line":48,"column":30},"end":{"line":48,"column":31}},"loc":{"start":{"line":48,"column":60},"end":{"line":50,"column":null}},"line":48},"9":{"name":"(anonymous_9)","decl":{"start":{"line":49,"column":23},"end":{"line":49,"column":24}},"loc":{"start":{"line":49,"column":40},"end":{"line":49,"column":87}},"line":49},"10":{"name":"(anonymous_10)","decl":{"start":{"line":53,"column":32},"end":{"line":53,"column":33}},"loc":{"start":{"line":53,"column":54},"end":{"line":58,"column":null}},"line":53}},"branchMap":{"0":{"loc":{"start":{"line":9,"column":11},"end":{"line":9,"column":null}},"type":"cond-expr","locations":[{"start":{"line":9,"column":20},"end":{"line":9,"column":41}},{"start":{"line":9,"column":41},"end":{"line":9,"column":null}}],"line":9},"1":{"loc":{"start":{"line":14,"column":11},"end":{"line":14,"column":null}},"type":"cond-expr","locations":[{"start":{"line":14,"column":20},"end":{"line":14,"column":41}},{"start":{"line":14,"column":41},"end":{"line":14,"column":null}}],"line":14},"2":{"loc":{"start":{"line":25,"column":38},"end":{"line":25,"column":100}},"type":"binary-expr","locations":[{"start":{"line":25,"column":38},"end":{"line":25,"column":69}},{"start":{"line":25,"column":69},"end":{"line":25,"column":100}}],"line":25},"3":{"loc":{"start":{"line":27,"column":4},"end":{"line":31,"column":null}},"type":"if","locations":[{"start":{"line":27,"column":4},"end":{"line":31,"column":null}},{"start":{"line":29,"column":11},"end":{"line":31,"column":null}}],"line":27},"4":{"loc":{"start":{"line":38,"column":39},"end":{"line":38,"column":101}},"type":"binary-expr","locations":[{"start":{"line":38,"column":39},"end":{"line":38,"column":69}},{"start":{"line":38,"column":69},"end":{"line":38,"column":101}}],"line":38}},"s":{"0":2,"1":2,"2":2,"3":14,"4":14,"5":2,"6":2,"7":2,"8":2,"9":6,"10":2,"11":5,"12":5,"13":1,"14":5,"15":1,"16":4,"17":5,"18":2,"19":1,"20":1,"21":1,"22":1,"23":2,"24":6,"25":2,"26":2,"27":2,"28":2,"29":1,"30":1,"31":1,"32":1},"f":{"0":14,"1":2,"2":6,"3":5,"4":1,"5":1,"6":1,"7":6,"8":2,"9":2,"10":1},"b":{"0":[6,8],"1":[1,1],"2":[1,1],"3":[1,4],"4":[1,1]},"meta":{"lastBranch":5,"lastFunction":11,"lastStatement":33,"seen":{"s:3:17:3:Infinity":0,"s:4:20:4:Infinity":1,"s:7:23:10:Infinity":2,"f:7:23:7:41":0,"s:8:19:8:Infinity":3,"s:9:4:9:Infinity":4,"b:9:20:9:41:9:41:9:Infinity":0,"s:12:31:15:Infinity":5,"f:12:31:12:51":1,"s:13:19:13:Infinity":6,"s:14:4:14:Infinity":7,"b:14:20:14:41:14:41:14:Infinity":1,"s:18:24:20:Infinity":8,"f:18:24:18:25":2,"s:19:4:19:Infinity":9,"s:23:25:33:Infinity":10,"f:23:25:23:26":3,"s:24:17:24:Infinity":11,"s:25:18:25:Infinity":12,"f:25:33:25:38":4,"s:25:38:25:100":13,"b:25:38:25:69:25:69:25:100":2,"b:27:4:31:Infinity:29:11:31:Infinity":3,"s:27:4:31:Infinity":14,"s:28:8:28:Infinity":15,"s:30:8:30:Infinity":16,"s:32:4:32:Infinity":17,"s:36:30:40:Infinity":18,"f:36:30:36:31":5,"s:37:17:37:Infinity":19,"s:38:20:38:Infinity":20,"f:38:32:38:37":6,"s:38:37:38:101":21,"b:38:39:38:69:38:69:38:101":4,"s:39:4:39:Infinity":22,"s:43:25:45:Infinity":23,"f:43:25:43:31":7,"s:44:4:44:Infinity":24,"s:48:30:50:Infinity":25,"f:48:30:48:31":8,"s:49:4:49:Infinity":26,"f:49:23:49:24":9,"s:49:40:49:87":27,"s:53:32:58:Infinity":28,"f:53:32:53:33":10,"s:54:20:54:Infinity":29,"s:55:4:55:Infinity":30,"s:56:4:56:Infinity":31,"s:57:4:57:Infinity":32}}}
,"M:\\FSII\\objetivo-cafe\\src\\utils\\orderUtils.ts": {"path":"M:\\FSII\\objetivo-cafe\\src\\utils\\orderUtils.ts","statementMap":{"0":{"start":{"line":4,"column":19},"end":{"line":4,"column":null}},"1":{"start":{"line":5,"column":18},"end":{"line":5,"column":null}},"2":{"start":{"line":10,"column":24},"end":{"line":18,"column":null}},"3":{"start":{"line":11,"column":24},"end":{"line":11,"column":null}},"4":{"start":{"line":13,"column":4},"end":{"line":15,"column":null}},"5":{"start":{"line":14,"column":8},"end":{"line":14,"column":null}},"6":{"start":{"line":16,"column":25},"end":{"line":16,"column":null}},"7":{"start":{"line":16,"column":48},"end":{"line":16,"column":66}},"8":{"start":{"line":17,"column":4},"end":{"line":17,"column":null}},"9":{"start":{"line":21,"column":40},"end":{"line":31,"column":null}},"10":{"start":{"line":22,"column":24},"end":{"line":22,"column":null}},"11":{"start":{"line":24,"column":4},"end":{"line":28,"column":null}},"12":{"start":{"line":25,"column":29},"end":{"line":25,"column":null}},"13":{"start":{"line":26,"column":25},"end":{"line":26,"column":null}},"14":{"start":{"line":27,"column":8},"end":{"line":27,"column":null}},"15":{"start":{"line":30,"column":4},"end":{"line":30,"column":null}},"16":{"start":{"line":35,"column":25},"end":{"line":37,"column":null}},"17":{"start":{"line":36,"column":4},"end":{"line":36,"column":null}},"18":{"start":{"line":39,"column":27},"end":{"line":58,"column":null}},"19":{"start":{"line":40,"column":19},"end":{"line":40,"column":null}},"20":{"start":{"line":42,"column":28},"end":{"line":49,"column":null}},"21":{"start":{"line":51,"column":4},"end":{"line":51,"column":null}},"22":{"start":{"line":52,"column":4},"end":{"line":52,"column":null}},"23":{"start":{"line":55,"column":4},"end":{"line":55,"column":null}},"24":{"start":{"line":57,"column":4},"end":{"line":57,"column":null}},"25":{"start":{"line":61,"column":33},"end":{"line":68,"column":null}},"26":{"start":{"line":62,"column":19},"end":{"line":62,"column":null}},"27":{"start":{"line":63,"column":18},"end":{"line":63,"column":null}},"28":{"start":{"line":63,"column":40},"end":{"line":63,"column":56}},"29":{"start":{"line":64,"column":4},"end":{"line":67,"column":null}},"30":{"start":{"line":65,"column":8},"end":{"line":65,"column":null}},"31":{"start":{"line":66,"column":8},"end":{"line":66,"column":null}}},"fnMap":{"0":{"name":"(anonymous_0)","decl":{"start":{"line":10,"column":24},"end":{"line":10,"column":25}},"loc":{"start":{"line":10,"column":55},"end":{"line":18,"column":null}},"line":10},"1":{"name":"(anonymous_1)","decl":{"start":{"line":16,"column":43},"end":{"line":16,"column":48}},"loc":{"start":{"line":16,"column":48},"end":{"line":16,"column":66}},"line":16},"2":{"name":"(anonymous_2)","decl":{"start":{"line":21,"column":40},"end":{"line":21,"column":41}},"loc":{"start":{"line":21,"column":62},"end":{"line":31,"column":null}},"line":21},"3":{"name":"(anonymous_3)","decl":{"start":{"line":24,"column":17},"end":{"line":24,"column":25}},"loc":{"start":{"line":24,"column":25},"end":{"line":28,"column":5}},"line":24},"4":{"name":"(anonymous_4)","decl":{"start":{"line":35,"column":25},"end":{"line":35,"column":40}},"loc":{"start":{"line":35,"column":40},"end":{"line":37,"column":null}},"line":35},"5":{"name":"(anonymous_5)","decl":{"start":{"line":39,"column":27},"end":{"line":39,"column":28}},"loc":{"start":{"line":39,"column":83},"end":{"line":58,"column":null}},"line":39},"6":{"name":"(anonymous_6)","decl":{"start":{"line":61,"column":33},"end":{"line":61,"column":34}},"loc":{"start":{"line":61,"column":78},"end":{"line":68,"column":null}},"line":61},"7":{"name":"(anonymous_7)","decl":{"start":{"line":63,"column":35},"end":{"line":63,"column":40}},"loc":{"start":{"line":63,"column":40},"end":{"line":63,"column":56}},"line":63}},"branchMap":{"0":{"loc":{"start":{"line":11,"column":35},"end":{"line":11,"column":74}},"type":"binary-expr","locations":[{"start":{"line":11,"column":35},"end":{"line":11,"column":70}},{"start":{"line":11,"column":70},"end":{"line":11,"column":74}}],"line":11},"1":{"loc":{"start":{"line":13,"column":4},"end":{"line":15,"column":null}},"type":"if","locations":[{"start":{"line":13,"column":4},"end":{"line":15,"column":null}},{"start":{},"end":{}}],"line":13},"2":{"loc":{"start":{"line":17,"column":11},"end":{"line":17,"column":null}},"type":"cond-expr","locations":[{"start":{"line":17,"column":26},"end":{"line":17,"column":47}},{"start":{"line":17,"column":47},"end":{"line":17,"column":null}}],"line":17},"3":{"loc":{"start":{"line":22,"column":35},"end":{"line":22,"column":74}},"type":"binary-expr","locations":[{"start":{"line":22,"column":35},"end":{"line":22,"column":70}},{"start":{"line":22,"column":70},"end":{"line":22,"column":74}}],"line":22},"4":{"loc":{"start":{"line":36,"column":22},"end":{"line":36,"column":62}},"type":"binary-expr","locations":[{"start":{"line":36,"column":22},"end":{"line":36,"column":58}},{"start":{"line":36,"column":58},"end":{"line":36,"column":62}}],"line":36},"5":{"loc":{"start":{"line":64,"column":4},"end":{"line":67,"column":null}},"type":"if","locations":[{"start":{"line":64,"column":4},"end":{"line":67,"column":null}},{"start":{},"end":{}}],"line":64}},"s":{"0":2,"1":2,"2":2,"3":0,"4":0,"5":0,"6":0,"7":0,"8":0,"9":2,"10":0,"11":0,"12":0,"13":0,"14":0,"15":0,"16":2,"17":1,"18":2,"19":0,"20":0,"21":0,"22":0,"23":0,"24":0,"25":2,"26":0,"27":0,"28":0,"29":0,"30":0,"31":0},"f":{"0":0,"1":0,"2":0,"3":0,"4":1,"5":0,"6":0,"7":0},"b":{"0":[0,0],"1":[0,0],"2":[0,0],"3":[0,0],"4":[1,1],"5":[0,0]},"meta":{"lastBranch":6,"lastFunction":8,"lastStatement":32,"seen":{"s:4:19:4:Infinity":0,"s:5:18:5:Infinity":1,"s:10:24:18:Infinity":2,"f:10:24:10:25":0,"s:11:24:11:Infinity":3,"b:11:35:11:70:11:70:11:74":0,"b:13:4:15:Infinity:undefined:undefined:undefined:undefined":1,"s:13:4:15:Infinity":4,"s:14:8:14:Infinity":5,"s:16:25:16:Infinity":6,"f:16:43:16:48":1,"s:16:48:16:66":7,"s:17:4:17:Infinity":8,"b:17:26:17:47:17:47:17:Infinity":2,"s:21:40:31:Infinity":9,"f:21:40:21:41":2,"s:22:24:22:Infinity":10,"b:22:35:22:70:22:70:22:74":3,"s:24:4:28:Infinity":11,"f:24:17:24:25":3,"s:25:29:25:Infinity":12,"s:26:25:26:Infinity":13,"s:27:8:27:Infinity":14,"s:30:4:30:Infinity":15,"s:35:25:37:Infinity":16,"f:35:25:35:40":4,"s:36:4:36:Infinity":17,"b:36:22:36:58:36:58:36:62":4,"s:39:27:58:Infinity":18,"f:39:27:39:28":5,"s:40:19:40:Infinity":19,"s:42:28:49:Infinity":20,"s:51:4:51:Infinity":21,"s:52:4:52:Infinity":22,"s:55:4:55:Infinity":23,"s:57:4:57:Infinity":24,"s:61:33:68:Infinity":25,"f:61:33:61:34":6,"s:62:19:62:Infinity":26,"s:63:18:63:Infinity":27,"f:63:35:63:40":7,"s:63:40:63:56":28,"b:64:4:67:Infinity:undefined:undefined:undefined:undefined":5,"s:64:4:67:Infinity":29,"s:65:8:65:Infinity":30,"s:66:8:66:Infinity":31}}}
}
